<?xml version="1.0" encoding="UTF-8"?>
<testsuite xmlns:xsi="http://www.w3.org/2001/XMLSchema-instance" xsi:noNamespaceSchemaLocation="https://maven.apache.org/surefire/maven-surefire-plugin/xsd/surefire-test-report-3.0.xsd" version="3.0" name="MockedApiTest" time="21.593" tests="3" errors="0" skipped="0" failures="0">
  <properties>
[...]
</properties>
  <testcase name="testUserProfileWithAlternativeApproach" classname="MockedApiTest" time="2.632"/>
  <testcase name="testUserProfileWithMockedApi" classname="MockedApiTest" time="6.149"/>
  <testcase name="testUserProfileWithSlowApi" classname="MockedApiTest" time="5.026"/>
</testsuite>